[2015-06-12 14:43:52] production.ERROR: exception 'InvalidArgumentException' with message 'There are no commands defined in the "routes" namespace.

Did you mean this?
    route' in /Users/tim/Downloads/rpi/laravel/vendor/symfony/console/Application.php:501
Stack trace:
#0 /Users/tim/Downloads/rpi/laravel/vendor/symfony/console/Application.php(535): Symfony\Component\Console\Application->findNamespace('routes')
#1 /Users/tim/Downloads/rpi/laravel/vendor/symfony/console/Application.php(192): Symfony\Component\Console\Application->find('routes:list')
#2 /Users/tim/Downloads/rpi/laravel/vendor/symfony/console/Application.php(126): Symfony\Component\Console\Application->doRun(Object(Symfony\Component\Console\Input\ArgvInput), Object(Symfony\Component\Console\Output\ConsoleOutput))
#3 /Users/tim/Downloads/rpi/laravel/vendor/laravel/framework/src/Illuminate/Foundation/Console/Kernel.php(94): Symfony\Component\Console\Application->run(Object(Symfony\Component\Console\Input\ArgvInput), Object(Symfony\Component\Console\Output\ConsoleOutput))
#4 /Users/tim/Downloads/rpi/laravel/artisan(36): Illuminate\Foundation\Console\Kernel->handle(Object(Symfony\Component\Console\Input\ArgvInput), Object(Symfony\Component\Console\Output\ConsoleOutput))
#5 {main}  
[2015-06-12 17:25:24] production.ERROR: exception 'Symfony\Component\Debug\Exception\FatalErrorException' with message 'parse error' in /Users/tim/Downloads/rpi/laravel/app/Http/Controllers/ApiKloekecode.php:134
Stack trace:
#0 {main}  
[2015-06-12 17:25:54] production.ERROR: exception 'Symfony\Component\Debug\Exception\FatalErrorException' with message 'Class 'App\Http\Controllers\Kloekecode' not found' in /Users/tim/Downloads/rpi/laravel/app/Http/Controllers/ApiKloekecode.php:41
Stack trace:
#0 {main}  
[2015-06-12 17:26:35] production.ERROR: exception 'PDOException' with message 'SQLSTATE[HY000] [1045] Access denied for user 'forge'@'localhost' (using password: NO)' in /Users/tim/Downloads/rpi/laravel/vendor/laravel/framework/src/Illuminate/Database/Connectors/Connector.php:49
Stack trace:
#0 /Users/tim/Downloads/rpi/laravel/vendor/laravel/framework/src/Illuminate/Database/Connectors/Connector.php(49): PDO->__construct('mysql:host=loca...', 'forge', '', Array)
#1 /Users/tim/Downloads/rpi/laravel/vendor/laravel/framework/src/Illuminate/Database/Connectors/MySqlConnector.php(22): Illuminate\Database\Connectors\Connector->createConnection('mysql:host=loca...', Array, Array)
#2 /Users/tim/Downloads/rpi/laravel/bootstrap/cache/compiled.php(11166): Illuminate\Database\Connectors\MySqlConnector->connect(Array)
#3 /Users/tim/Downloads/rpi/laravel/bootstrap/cache/compiled.php(11162): Illuminate\Database\Connectors\ConnectionFactory->createSingleConnection(Array)
#4 /Users/tim/Downloads/rpi/laravel/bootstrap/cache/compiled.php(11078): Illuminate\Database\Connectors\ConnectionFactory->make(Array, 'mysql')
#5 /Users/tim/Downloads/rpi/laravel/bootstrap/cache/compiled.php(11033): Illuminate\Database\DatabaseManager->makeConnection('mysql')
#6 /Users/tim/Downloads/rpi/laravel/bootstrap/cache/compiled.php(10911): Illuminate\Database\DatabaseManager->connection(NULL)
#7 /Users/tim/Downloads/rpi/laravel/bootstrap/cache/compiled.php(10898): Illuminate\Database\Eloquent\Model::resolveConnection(NULL)
#8 /Users/tim/Downloads/rpi/laravel/bootstrap/cache/compiled.php(10376): Illuminate\Database\Eloquent\Model->getConnection()
#9 /Users/tim/Downloads/rpi/laravel/bootstrap/cache/compiled.php(10353): Illuminate\Database\Eloquent\Model->newBaseQueryBuilder()
#10 /Users/tim/Downloads/rpi/laravel/bootstrap/cache/compiled.php(10343): Illuminate\Database\Eloquent\Model->newQueryWithoutScopes()
#11 /Users/tim/Downloads/rpi/laravel/bootstrap/cache/compiled.php(10995): Illuminate\Database\Eloquent\Model->newQuery()
#12 [internal function]: Illuminate\Database\Eloquent\Model->__call('take', Array)
#13 [internal function]: App\Kloekecode->take(5)
#14 /Users/tim/Downloads/rpi/laravel/bootstrap/cache/compiled.php(11001): call_user_func_array(Array, Array)
#15 /Users/tim/Downloads/rpi/laravel/app/Http/Controllers/ApiKloekecode.php(42): Illuminate\Database\Eloquent\Model::__callStatic('take', Array)
#16 /Users/tim/Downloads/rpi/laravel/app/Http/Controllers/ApiKloekecode.php(42): App\Kloekecode::take(5)
#17 [internal function]: App\Http\Controllers\ApiKloekecode->index()
#18 /Users/tim/Downloads/rpi/laravel/bootstrap/cache/compiled.php(8692): call_user_func_array(Array, Array)
#19 /Users/tim/Downloads/rpi/laravel/bootstrap/cache/compiled.php(8760): Illuminate\Routing\Controller->callAction('index', Array)
#20 /Users/tim/Downloads/rpi/laravel/bootstrap/cache/compiled.php(8740): Illuminate\Routing\ControllerDispatcher->call(Object(App\Http\Controllers\ApiKloekecode), Object(Illuminate\Routing\Route), 'index')
#21 [internal function]: Illuminate\Routing\ControllerDispatcher->Illuminate\Routing\{closure}(Object(Illuminate\Http\Request))
#22 /Users/tim/Downloads/rpi/laravel/bootstrap/cache/compiled.php(9392): call_user_func(Object(Closure), Object(Illuminate\Http\Request))
#23 [internal function]: Illuminate\Pipeline\Pipeline->Illuminate\Pipeline\{closure}(Object(Illuminate\Http\Request))
#24 /Users/tim/Downloads/rpi/laravel/bootstrap/cache/compiled.php(9374): call_user_func(Object(Closure), Object(Illuminate\Http\Request))
#25 /Users/tim/Downloads/rpi/laravel/bootstrap/cache/compiled.php(8741): Illuminate\Pipeline\Pipeline->then(Object(Closure))
#26 /Users/tim/Downloads/rpi/laravel/bootstrap/cache/compiled.php(8726): Illuminate\Routing\ControllerDispatcher->callWithinStack(Object(App\Http\Controllers\ApiKloekecode), Object(Illuminate\Routing\Route), Object(Illuminate\Http\Request), 'index')
#27 /Users/tim/Downloads/rpi/laravel/bootstrap/cache/compiled.php(7707): Illuminate\Routing\ControllerDispatcher->dispatch(Object(Illuminate\Routing\Route), Object(Illuminate\Http\Request), 'App\\Http\\Contro...', 'index')
#28 /Users/tim/Downloads/rpi/laravel/bootstrap/cache/compiled.php(7678): Illuminate\Routing\Route->runWithCustomDispatcher(Object(Illuminate\Http\Request))
#29 /Users/tim/Downloads/rpi/laravel/bootstrap/cache/compiled.php(7334): Illuminate\Routing\Route->run(Object(Illuminate\Http\Request))
#30 [internal function]: Illuminate\Routing\Router->Illuminate\Routing\{closure}(Object(Illuminate\Http\Request))
#31 /Users/tim/Downloads/rpi/laravel/bootstrap/cache/compiled.php(9392): call_user_func(Object(Closure), Object(Illuminate\Http\Request))
#32 [internal function]: Illuminate\Pipeline\Pipeline->Illuminate\Pipeline\{closure}(Object(Illuminate\Http\Request))
#33 /Users/tim/Downloads/rpi/laravel/bootstrap/cache/compiled.php(9374): call_user_func(Object(Closure), Object(Illuminate\Http\Request))
#34 /Users/tim/Downloads/rpi/laravel/bootstrap/cache/compiled.php(7335): Illuminate\Pipeline\Pipeline->then(Object(Closure))
#35 /Users/tim/Downloads/rpi/laravel/bootstrap/cache/compiled.php(7323): Illuminate\Routing\Router->runRouteWithinStack(Object(Illuminate\Routing\Route), Object(Illuminate\Http\Request))
#36 /Users/tim/Downloads/rpi/laravel/bootstrap/cache/compiled.php(7308): Illuminate\Routing\Router->dispatchToRoute(Object(Illuminate\Http\Request))
#37 /Users/tim/Downloads/rpi/laravel/bootstrap/cache/compiled.php(2050): Illuminate\Routing\Router->dispatch(Object(Illuminate\Http\Request))
#38 [internal function]: Illuminate\Foundation\Http\Kernel->Illuminate\Foundation\Http\{closure}(Object(Illuminate\Http\Request))
#39 /Users/tim/Downloads/rpi/laravel/bootstrap/cache/compiled.php(9392): call_user_func(Object(Closure), Object(Illuminate\Http\Request))
#40 /Users/tim/Downloads/rpi/laravel/bootstrap/cache/compiled.php(12614): Illuminate\Pipeline\Pipeline->Illuminate\Pipeline\{closure}(Object(Illuminate\Http\Request))
#41 [internal function]: Illuminate\View\Middleware\ShareErrorsFromSession->handle(Object(Illuminate\Http\Request), Object(Closure))
#42 /Users/tim/Downloads/rpi/laravel/bootstrap/cache/compiled.php(9384): call_user_func_array(Array, Array)
#43 /Users/tim/Downloads/rpi/laravel/bootstrap/cache/compiled.php(11279): Illuminate\Pipeline\Pipeline->Illuminate\Pipeline\{closure}(Object(Illuminate\Http\Request))
#44 [internal function]: Illuminate\Session\Middleware\StartSession->handle(Object(Illuminate\Http\Request), Object(Closure))
#45 /Users/tim/Downloads/rpi/laravel/bootstrap/cache/compiled.php(9384): call_user_func_array(Array, Array)
#46 /Users/tim/Downloads/rpi/laravel/bootstrap/cache/compiled.php(12351): Illuminate\Pipeline\Pipeline->Illuminate\Pipeline\{closure}(Object(Illuminate\Http\Request))
#47 [internal function]: Illuminate\Cookie\Middleware\AddQueuedCookiesToResponse->handle(Object(Illuminate\Http\Request), Object(Closure))
#48 /Users/tim/Downloads/rpi/laravel/bootstrap/cache/compiled.php(9384): call_user_func_array(Array, Array)
#49 /Users/tim/Downloads/rpi/laravel/bootstrap/cache/compiled.php(12290): Illuminate\Pipeline\Pipeline->Illuminate\Pipeline\{closure}(Object(Illuminate\Http\Request))
#50 [internal function]: Illuminate\Cookie\Middleware\EncryptCookies->handle(Object(Illuminate\Http\Request), Object(Closure))
#51 /Users/tim/Downloads/rpi/laravel/bootstrap/cache/compiled.php(9384): call_user_func_array(Array, Array)
#52 /Users/tim/Downloads/rpi/laravel/bootstrap/cache/compiled.php(2656): Illuminate\Pipeline\Pipeline->Illuminate\Pipeline\{closure}(Object(Illuminate\Http\Request))
#53 [internal function]: Illuminate\Foundation\Http\Middleware\CheckForMaintenanceMode->handle(Object(Illuminate\Http\Request), Object(Closure))
#54 /Users/tim/Downloads/rpi/laravel/bootstrap/cache/compiled.php(9384): call_user_func_array(Array, Array)
#55 [internal function]: Illuminate\Pipeline\Pipeline->Illuminate\Pipeline\{closure}(Object(Illuminate\Http\Request))
#56 /Users/tim/Downloads/rpi/laravel/bootstrap/cache/compiled.php(9374): call_user_func(Object(Closure), Object(Illuminate\Http\Request))
#57 /Users/tim/Downloads/rpi/laravel/bootstrap/cache/compiled.php(1997): Illuminate\Pipeline\Pipeline->then(Object(Closure))
#58 /Users/tim/Downloads/rpi/laravel/bootstrap/cache/compiled.php(1983): Illuminate\Foundation\Http\Kernel->sendRequestThroughRouter(Object(Illuminate\Http\Request))
#59 /Users/tim/Downloads/rpi/laravel/public/index.php(53): Illuminate\Foundation\Http\Kernel->handle(Object(Illuminate\Http\Request))
#60 /Users/tim/Downloads/rpi/laravel/server.php(21): require_once('/Users/tim/Down...')
#61 {main}  
[2015-06-12 17:27:57] production.ERROR: exception 'PDOException' with message 'SQLSTATE[HY000] [1045] Access denied for user 'forge'@'localhost' (using password: NO)' in /Users/tim/Downloads/rpi/laravel/vendor/laravel/framework/src/Illuminate/Database/Connectors/Connector.php:49
Stack trace:
#0 /Users/tim/Downloads/rpi/laravel/vendor/laravel/framework/src/Illuminate/Database/Connectors/Connector.php(49): PDO->__construct('mysql:host=loca...', 'forge', '', Array)
#1 /Users/tim/Downloads/rpi/laravel/vendor/laravel/framework/src/Illuminate/Database/Connectors/MySqlConnector.php(22): Illuminate\Database\Connectors\Connector->createConnection('mysql:host=loca...', Array, Array)
#2 /Users/tim/Downloads/rpi/laravel/bootstrap/cache/compiled.php(11166): Illuminate\Database\Connectors\MySqlConnector->connect(Array)
#3 /Users/tim/Downloads/rpi/laravel/bootstrap/cache/compiled.php(11162): Illuminate\Database\Connectors\ConnectionFactory->createSingleConnection(Array)
#4 /Users/tim/Downloads/rpi/laravel/bootstrap/cache/compiled.php(11078): Illuminate\Database\Connectors\ConnectionFactory->make(Array, 'mysql')
#5 /Users/tim/Downloads/rpi/laravel/bootstrap/cache/compiled.php(11033): Illuminate\Database\DatabaseManager->makeConnection('mysql')
#6 /Users/tim/Downloads/rpi/laravel/bootstrap/cache/compiled.php(10911): Illuminate\Database\DatabaseManager->connection(NULL)
#7 /Users/tim/Downloads/rpi/laravel/bootstrap/cache/compiled.php(10898): Illuminate\Database\Eloquent\Model::resolveConnection(NULL)
#8 /Users/tim/Downloads/rpi/laravel/bootstrap/cache/compiled.php(10376): Illuminate\Database\Eloquent\Model->getConnection()
#9 /Users/tim/Downloads/rpi/laravel/bootstrap/cache/compiled.php(10353): Illuminate\Database\Eloquent\Model->newBaseQueryBuilder()
#10 /Users/tim/Downloads/rpi/laravel/bootstrap/cache/compiled.php(10343): Illuminate\Database\Eloquent\Model->newQueryWithoutScopes()
#11 /Users/tim/Downloads/rpi/laravel/bootstrap/cache/compiled.php(10995): Illuminate\Database\Eloquent\Model->newQuery()
#12 [internal function]: Illuminate\Database\Eloquent\Model->__call('take', Array)
#13 [internal function]: App\Kloekecode->take(5)
#14 /Users/tim/Downloads/rpi/laravel/bootstrap/cache/compiled.php(11001): call_user_func_array(Array, Array)
#15 /Users/tim/Downloads/rpi/laravel/app/Http/Controllers/ApiKloekecode.php(43): Illuminate\Database\Eloquent\Model::__callStatic('take', Array)
#16 /Users/tim/Downloads/rpi/laravel/app/Http/Controllers/ApiKloekecode.php(43): App\Kloekecode::take(5)
#17 [internal function]: App\Http\Controllers\ApiKloekecode->index()
#18 /Users/tim/Downloads/rpi/laravel/bootstrap/cache/compiled.php(8692): call_user_func_array(Array, Array)
#19 /Users/tim/Downloads/rpi/laravel/bootstrap/cache/compiled.php(8760): Illuminate\Routing\Controller->callAction('index', Array)
#20 /Users/tim/Downloads/rpi/laravel/bootstrap/cache/compiled.php(8740): Illuminate\Routing\ControllerDispatcher->call(Object(App\Http\Controllers\ApiKloekecode), Object(Illuminate\Routing\Route), 'index')
#21 [internal function]: Illuminate\Routing\ControllerDispatcher->Illuminate\Routing\{closure}(Object(Illuminate\Http\Request))
#22 /Users/tim/Downloads/rpi/laravel/bootstrap/cache/compiled.php(9392): call_user_func(Object(Closure), Object(Illuminate\Http\Request))
#23 [internal function]: Illuminate\Pipeline\Pipeline->Illuminate\Pipeline\{closure}(Object(Illuminate\Http\Request))
#24 /Users/tim/Downloads/rpi/laravel/bootstrap/cache/compiled.php(9374): call_user_func(Object(Closure), Object(Illuminate\Http\Request))
#25 /Users/tim/Downloads/rpi/laravel/bootstrap/cache/compiled.php(8741): Illuminate\Pipeline\Pipeline->then(Object(Closure))
#26 /Users/tim/Downloads/rpi/laravel/bootstrap/cache/compiled.php(8726): Illuminate\Routing\ControllerDispatcher->callWithinStack(Object(App\Http\Controllers\ApiKloekecode), Object(Illuminate\Routing\Route), Object(Illuminate\Http\Request), 'index')
#27 /Users/tim/Downloads/rpi/laravel/bootstrap/cache/compiled.php(7707): Illuminate\Routing\ControllerDispatcher->dispatch(Object(Illuminate\Routing\Route), Object(Illuminate\Http\Request), 'App\\Http\\Contro...', 'index')
#28 /Users/tim/Downloads/rpi/laravel/bootstrap/cache/compiled.php(7678): Illuminate\Routing\Route->runWithCustomDispatcher(Object(Illuminate\Http\Request))
#29 /Users/tim/Downloads/rpi/laravel/bootstrap/cache/compiled.php(7334): Illuminate\Routing\Route->run(Object(Illuminate\Http\Request))
#30 [internal function]: Illuminate\Routing\Router->Illuminate\Routing\{closure}(Object(Illuminate\Http\Request))
#31 /Users/tim/Downloads/rpi/laravel/bootstrap/cache/compiled.php(9392): call_user_func(Object(Closure), Object(Illuminate\Http\Request))
#32 [internal function]: Illuminate\Pipeline\Pipeline->Illuminate\Pipeline\{closure}(Object(Illuminate\Http\Request))
#33 /Users/tim/Downloads/rpi/laravel/bootstrap/cache/compiled.php(9374): call_user_func(Object(Closure), Object(Illuminate\Http\Request))
#34 /Users/tim/Downloads/rpi/laravel/bootstrap/cache/compiled.php(7335): Illuminate\Pipeline\Pipeline->then(Object(Closure))
#35 /Users/tim/Downloads/rpi/laravel/bootstrap/cache/compiled.php(7323): Illuminate\Routing\Router->runRouteWithinStack(Object(Illuminate\Routing\Route), Object(Illuminate\Http\Request))
#36 /Users/tim/Downloads/rpi/laravel/bootstrap/cache/compiled.php(7308): Illuminate\Routing\Router->dispatchToRoute(Object(Illuminate\Http\Request))
#37 /Users/tim/Downloads/rpi/laravel/bootstrap/cache/compiled.php(2050): Illuminate\Routing\Router->dispatch(Object(Illuminate\Http\Request))
#38 [internal function]: Illuminate\Foundation\Http\Kernel->Illuminate\Foundation\Http\{closure}(Object(Illuminate\Http\Request))
#39 /Users/tim/Downloads/rpi/laravel/bootstrap/cache/compiled.php(9392): call_user_func(Object(Closure), Object(Illuminate\Http\Request))
#40 /Users/tim/Downloads/rpi/laravel/bootstrap/cache/compiled.php(12614): Illuminate\Pipeline\Pipeline->Illuminate\Pipeline\{closure}(Object(Illuminate\Http\Request))
#41 [internal function]: Illuminate\View\Middleware\ShareErrorsFromSession->handle(Object(Illuminate\Http\Request), Object(Closure))
#42 /Users/tim/Downloads/rpi/laravel/bootstrap/cache/compiled.php(9384): call_user_func_array(Array, Array)
#43 /Users/tim/Downloads/rpi/laravel/bootstrap/cache/compiled.php(11279): Illuminate\Pipeline\Pipeline->Illuminate\Pipeline\{closure}(Object(Illuminate\Http\Request))
#44 [internal function]: Illuminate\Session\Middleware\StartSession->handle(Object(Illuminate\Http\Request), Object(Closure))
#45 /Users/tim/Downloads/rpi/laravel/bootstrap/cache/compiled.php(9384): call_user_func_array(Array, Array)
#46 /Users/tim/Downloads/rpi/laravel/bootstrap/cache/compiled.php(12351): Illuminate\Pipeline\Pipeline->Illuminate\Pipeline\{closure}(Object(Illuminate\Http\Request))
#47 [internal function]: Illuminate\Cookie\Middleware\AddQueuedCookiesToResponse->handle(Object(Illuminate\Http\Request), Object(Closure))
#48 /Users/tim/Downloads/rpi/laravel/bootstrap/cache/compiled.php(9384): call_user_func_array(Array, Array)
#49 /Users/tim/Downloads/rpi/laravel/bootstrap/cache/compiled.php(12290): Illuminate\Pipeline\Pipeline->Illuminate\Pipeline\{closure}(Object(Illuminate\Http\Request))
#50 [internal function]: Illuminate\Cookie\Middleware\EncryptCookies->handle(Object(Illuminate\Http\Request), Object(Closure))
#51 /Users/tim/Downloads/rpi/laravel/bootstrap/cache/compiled.php(9384): call_user_func_array(Array, Array)
#52 /Users/tim/Downloads/rpi/laravel/bootstrap/cache/compiled.php(2656): Illuminate\Pipeline\Pipeline->Illuminate\Pipeline\{closure}(Object(Illuminate\Http\Request))
#53 [internal function]: Illuminate\Foundation\Http\Middleware\CheckForMaintenanceMode->handle(Object(Illuminate\Http\Request), Object(Closure))
#54 /Users/tim/Downloads/rpi/laravel/bootstrap/cache/compiled.php(9384): call_user_func_array(Array, Array)
#55 [internal function]: Illuminate\Pipeline\Pipeline->Illuminate\Pipeline\{closure}(Object(Illuminate\Http\Request))
#56 /Users/tim/Downloads/rpi/laravel/bootstrap/cache/compiled.php(9374): call_user_func(Object(Closure), Object(Illuminate\Http\Request))
#57 /Users/tim/Downloads/rpi/laravel/bootstrap/cache/compiled.php(1997): Illuminate\Pipeline\Pipeline->then(Object(Closure))
#58 /Users/tim/Downloads/rpi/laravel/bootstrap/cache/compiled.php(1983): Illuminate\Foundation\Http\Kernel->sendRequestThroughRouter(Object(Illuminate\Http\Request))
#59 /Users/tim/Downloads/rpi/laravel/public/index.php(53): Illuminate\Foundation\Http\Kernel->handle(Object(Illuminate\Http\Request))
#60 /Users/tim/Downloads/rpi/laravel/server.php(21): require_once('/Users/tim/Down...')
#61 {main}  
[2015-06-12 17:29:07] production.ERROR: exception 'PDOException' with message 'SQLSTATE[HY000] [1045] Access denied for user 'forge'@'localhost' (using password: NO)' in /Users/tim/Downloads/rpi/laravel/vendor/laravel/framework/src/Illuminate/Database/Connectors/Connector.php:49
Stack trace:
#0 /Users/tim/Downloads/rpi/laravel/vendor/laravel/framework/src/Illuminate/Database/Connectors/Connector.php(49): PDO->__construct('mysql:host=loca...', 'forge', '', Array)
#1 /Users/tim/Downloads/rpi/laravel/vendor/laravel/framework/src/Illuminate/Database/Connectors/MySqlConnector.php(22): Illuminate\Database\Connectors\Connector->createConnection('mysql:host=loca...', Array, Array)
#2 /Users/tim/Downloads/rpi/laravel/bootstrap/cache/compiled.php(11166): Illuminate\Database\Connectors\MySqlConnector->connect(Array)
#3 /Users/tim/Downloads/rpi/laravel/bootstrap/cache/compiled.php(11162): Illuminate\Database\Connectors\ConnectionFactory->createSingleConnection(Array)
#4 /Users/tim/Downloads/rpi/laravel/bootstrap/cache/compiled.php(11078): Illuminate\Database\Connectors\ConnectionFactory->make(Array, 'mysql')
#5 /Users/tim/Downloads/rpi/laravel/bootstrap/cache/compiled.php(11033): Illuminate\Database\DatabaseManager->makeConnection('mysql')
#6 /Users/tim/Downloads/rpi/laravel/bootstrap/cache/compiled.php(10911): Illuminate\Database\DatabaseManager->connection(NULL)
#7 /Users/tim/Downloads/rpi/laravel/bootstrap/cache/compiled.php(10898): Illuminate\Database\Eloquent\Model::resolveConnection(NULL)
#8 /Users/tim/Downloads/rpi/laravel/bootstrap/cache/compiled.php(10376): Illuminate\Database\Eloquent\Model->getConnection()
#9 /Users/tim/Downloads/rpi/laravel/bootstrap/cache/compiled.php(10353): Illuminate\Database\Eloquent\Model->newBaseQueryBuilder()
#10 /Users/tim/Downloads/rpi/laravel/bootstrap/cache/compiled.php(10343): Illuminate\Database\Eloquent\Model->newQueryWithoutScopes()
#11 /Users/tim/Downloads/rpi/laravel/bootstrap/cache/compiled.php(10995): Illuminate\Database\Eloquent\Model->newQuery()
#12 [internal function]: Illuminate\Database\Eloquent\Model->__call('take', Array)
#13 [internal function]: App\Kloekecode->take(5)
#14 /Users/tim/Downloads/rpi/laravel/bootstrap/cache/compiled.php(11001): call_user_func_array(Array, Array)
#15 /Users/tim/Downloads/rpi/laravel/app/Http/Controllers/ApiKloekecode.php(43): Illuminate\Database\Eloquent\Model::__callStatic('take', Array)
#16 /Users/tim/Downloads/rpi/laravel/app/Http/Controllers/ApiKloekecode.php(43): App\Kloekecode::take(5)
#17 [internal function]: App\Http\Controllers\ApiKloekecode->index()
#18 /Users/tim/Downloads/rpi/laravel/bootstrap/cache/compiled.php(8692): call_user_func_array(Array, Array)
#19 /Users/tim/Downloads/rpi/laravel/bootstrap/cache/compiled.php(8760): Illuminate\Routing\Controller->callAction('index', Array)
#20 /Users/tim/Downloads/rpi/laravel/bootstrap/cache/compiled.php(8740): Illuminate\Routing\ControllerDispatcher->call(Object(App\Http\Controllers\ApiKloekecode), Object(Illuminate\Routing\Route), 'index')
#21 [internal function]: Illuminate\Routing\ControllerDispatcher->Illuminate\Routing\{closure}(Object(Illuminate\Http\Request))
#22 /Users/tim/Downloads/rpi/laravel/bootstrap/cache/compiled.php(9392): call_user_func(Object(Closure), Object(Illuminate\Http\Request))
#23 [internal function]: Illuminate\Pipeline\Pipeline->Illuminate\Pipeline\{closure}(Object(Illuminate\Http\Request))
#24 /Users/tim/Downloads/rpi/laravel/bootstrap/cache/compiled.php(9374): call_user_func(Object(Closure), Object(Illuminate\Http\Request))
#25 /Users/tim/Downloads/rpi/laravel/bootstrap/cache/compiled.php(8741): Illuminate\Pipeline\Pipeline->then(Object(Closure))
#26 /Users/tim/Downloads/rpi/laravel/bootstrap/cache/compiled.php(8726): Illuminate\Routing\ControllerDispatcher->callWithinStack(Object(App\Http\Controllers\ApiKloekecode), Object(Illuminate\Routing\Route), Object(Illuminate\Http\Request), 'index')
#27 /Users/tim/Downloads/rpi/laravel/bootstrap/cache/compiled.php(7707): Illuminate\Routing\ControllerDispatcher->dispatch(Object(Illuminate\Routing\Route), Object(Illuminate\Http\Request), 'App\\Http\\Contro...', 'index')
#28 /Users/tim/Downloads/rpi/laravel/bootstrap/cache/compiled.php(7678): Illuminate\Routing\Route->runWithCustomDispatcher(Object(Illuminate\Http\Request))
#29 /Users/tim/Downloads/rpi/laravel/bootstrap/cache/compiled.php(7334): Illuminate\Routing\Route->run(Object(Illuminate\Http\Request))
#30 [internal function]: Illuminate\Routing\Router->Illuminate\Routing\{closure}(Object(Illuminate\Http\Request))
#31 /Users/tim/Downloads/rpi/laravel/bootstrap/cache/compiled.php(9392): call_user_func(Object(Closure), Object(Illuminate\Http\Request))
#32 [internal function]: Illuminate\Pipeline\Pipeline->Illuminate\Pipeline\{closure}(Object(Illuminate\Http\Request))
#33 /Users/tim/Downloads/rpi/laravel/bootstrap/cache/compiled.php(9374): call_user_func(Object(Closure), Object(Illuminate\Http\Request))
#34 /Users/tim/Downloads/rpi/laravel/bootstrap/cache/compiled.php(7335): Illuminate\Pipeline\Pipeline->then(Object(Closure))
#35 /Users/tim/Downloads/rpi/laravel/bootstrap/cache/compiled.php(7323): Illuminate\Routing\Router->runRouteWithinStack(Object(Illuminate\Routing\Route), Object(Illuminate\Http\Request))
#36 /Users/tim/Downloads/rpi/laravel/bootstrap/cache/compiled.php(7308): Illuminate\Routing\Router->dispatchToRoute(Object(Illuminate\Http\Request))
#37 /Users/tim/Downloads/rpi/laravel/bootstrap/cache/compiled.php(2050): Illuminate\Routing\Router->dispatch(Object(Illuminate\Http\Request))
#38 [internal function]: Illuminate\Foundation\Http\Kernel->Illuminate\Foundation\Http\{closure}(Object(Illuminate\Http\Request))
#39 /Users/tim/Downloads/rpi/laravel/bootstrap/cache/compiled.php(9392): call_user_func(Object(Closure), Object(Illuminate\Http\Request))
#40 /Users/tim/Downloads/rpi/laravel/bootstrap/cache/compiled.php(12614): Illuminate\Pipeline\Pipeline->Illuminate\Pipeline\{closure}(Object(Illuminate\Http\Request))
#41 [internal function]: Illuminate\View\Middleware\ShareErrorsFromSession->handle(Object(Illuminate\Http\Request), Object(Closure))
#42 /Users/tim/Downloads/rpi/laravel/bootstrap/cache/compiled.php(9384): call_user_func_array(Array, Array)
#43 /Users/tim/Downloads/rpi/laravel/bootstrap/cache/compiled.php(11279): Illuminate\Pipeline\Pipeline->Illuminate\Pipeline\{closure}(Object(Illuminate\Http\Request))
#44 [internal function]: Illuminate\Session\Middleware\StartSession->handle(Object(Illuminate\Http\Request), Object(Closure))
#45 /Users/tim/Downloads/rpi/laravel/bootstrap/cache/compiled.php(9384): call_user_func_array(Array, Array)
#46 /Users/tim/Downloads/rpi/laravel/bootstrap/cache/compiled.php(12351): Illuminate\Pipeline\Pipeline->Illuminate\Pipeline\{closure}(Object(Illuminate\Http\Request))
#47 [internal function]: Illuminate\Cookie\Middleware\AddQueuedCookiesToResponse->handle(Object(Illuminate\Http\Request), Object(Closure))
#48 /Users/tim/Downloads/rpi/laravel/bootstrap/cache/compiled.php(9384): call_user_func_array(Array, Array)
#49 /Users/tim/Downloads/rpi/laravel/bootstrap/cache/compiled.php(12290): Illuminate\Pipeline\Pipeline->Illuminate\Pipeline\{closure}(Object(Illuminate\Http\Request))
#50 [internal function]: Illuminate\Cookie\Middleware\EncryptCookies->handle(Object(Illuminate\Http\Request), Object(Closure))
#51 /Users/tim/Downloads/rpi/laravel/bootstrap/cache/compiled.php(9384): call_user_func_array(Array, Array)
#52 /Users/tim/Downloads/rpi/laravel/bootstrap/cache/compiled.php(2656): Illuminate\Pipeline\Pipeline->Illuminate\Pipeline\{closure}(Object(Illuminate\Http\Request))
#53 [internal function]: Illuminate\Foundation\Http\Middleware\CheckForMaintenanceMode->handle(Object(Illuminate\Http\Request), Object(Closure))
#54 /Users/tim/Downloads/rpi/laravel/bootstrap/cache/compiled.php(9384): call_user_func_array(Array, Array)
#55 [internal function]: Illuminate\Pipeline\Pipeline->Illuminate\Pipeline\{closure}(Object(Illuminate\Http\Request))
#56 /Users/tim/Downloads/rpi/laravel/bootstrap/cache/compiled.php(9374): call_user_func(Object(Closure), Object(Illuminate\Http\Request))
#57 /Users/tim/Downloads/rpi/laravel/bootstrap/cache/compiled.php(1997): Illuminate\Pipeline\Pipeline->then(Object(Closure))
#58 /Users/tim/Downloads/rpi/laravel/bootstrap/cache/compiled.php(1983): Illuminate\Foundation\Http\Kernel->sendRequestThroughRouter(Object(Illuminate\Http\Request))
#59 /Users/tim/Downloads/rpi/laravel/public/index.php(53): Illuminate\Foundation\Http\Kernel->handle(Object(Illuminate\Http\Request))
#60 /Users/tim/Downloads/rpi/laravel/server.php(21): require_once('/Users/tim/Down...')
#61 {main}  
[2015-06-12 17:31:35] local.ERROR: exception 'PDOException' with message 'SQLSTATE[HY000] [1049] Unknown database 'l845'' in /Users/tim/Downloads/rpi/laravel/vendor/laravel/framework/src/Illuminate/Database/Connectors/Connector.php:49
Stack trace:
#0 /Users/tim/Downloads/rpi/laravel/vendor/laravel/framework/src/Illuminate/Database/Connectors/Connector.php(49): PDO->__construct('mysql:host=loca...', 'root', '2fU3g5Yn', Array)
#1 /Users/tim/Downloads/rpi/laravel/vendor/laravel/framework/src/Illuminate/Database/Connectors/MySqlConnector.php(22): Illuminate\Database\Connectors\Connector->createConnection('mysql:host=loca...', Array, Array)
#2 /Users/tim/Downloads/rpi/laravel/bootstrap/cache/compiled.php(11166): Illuminate\Database\Connectors\MySqlConnector->connect(Array)
#3 /Users/tim/Downloads/rpi/laravel/bootstrap/cache/compiled.php(11162): Illuminate\Database\Connectors\ConnectionFactory->createSingleConnection(Array)
#4 /Users/tim/Downloads/rpi/laravel/bootstrap/cache/compiled.php(11078): Illuminate\Database\Connectors\ConnectionFactory->make(Array, 'mysql')
#5 /Users/tim/Downloads/rpi/laravel/bootstrap/cache/compiled.php(11033): Illuminate\Database\DatabaseManager->makeConnection('mysql')
#6 /Users/tim/Downloads/rpi/laravel/bootstrap/cache/compiled.php(10911): Illuminate\Database\DatabaseManager->connection(NULL)
#7 /Users/tim/Downloads/rpi/laravel/bootstrap/cache/compiled.php(10898): Illuminate\Database\Eloquent\Model::resolveConnection(NULL)
#8 /Users/tim/Downloads/rpi/laravel/bootstrap/cache/compiled.php(10376): Illuminate\Database\Eloquent\Model->getConnection()
#9 /Users/tim/Downloads/rpi/laravel/bootstrap/cache/compiled.php(10353): Illuminate\Database\Eloquent\Model->newBaseQueryBuilder()
#10 /Users/tim/Downloads/rpi/laravel/bootstrap/cache/compiled.php(10343): Illuminate\Database\Eloquent\Model->newQueryWithoutScopes()
#11 /Users/tim/Downloads/rpi/laravel/bootstrap/cache/compiled.php(10995): Illuminate\Database\Eloquent\Model->newQuery()
#12 [internal function]: Illuminate\Database\Eloquent\Model->__call('take', Array)
#13 [internal function]: App\Kloekecode->take(5)
#14 /Users/tim/Downloads/rpi/laravel/bootstrap/cache/compiled.php(11001): call_user_func_array(Array, Array)
#15 /Users/tim/Downloads/rpi/laravel/app/Http/Controllers/ApiKloekecode.php(43): Illuminate\Database\Eloquent\Model::__callStatic('take', Array)
#16 /Users/tim/Downloads/rpi/laravel/app/Http/Controllers/ApiKloekecode.php(43): App\Kloekecode::take(5)
#17 [internal function]: App\Http\Controllers\ApiKloekecode->index()
#18 /Users/tim/Downloads/rpi/laravel/bootstrap/cache/compiled.php(8692): call_user_func_array(Array, Array)
#19 /Users/tim/Downloads/rpi/laravel/bootstrap/cache/compiled.php(8760): Illuminate\Routing\Controller->callAction('index', Array)
#20 /Users/tim/Downloads/rpi/laravel/bootstrap/cache/compiled.php(8740): Illuminate\Routing\ControllerDispatcher->call(Object(App\Http\Controllers\ApiKloekecode), Object(Illuminate\Routing\Route), 'index')
#21 [internal function]: Illuminate\Routing\ControllerDispatcher->Illuminate\Routing\{closure}(Object(Illuminate\Http\Request))
#22 /Users/tim/Downloads/rpi/laravel/bootstrap/cache/compiled.php(9392): call_user_func(Object(Closure), Object(Illuminate\Http\Request))
#23 [internal function]: Illuminate\Pipeline\Pipeline->Illuminate\Pipeline\{closure}(Object(Illuminate\Http\Request))
#24 /Users/tim/Downloads/rpi/laravel/bootstrap/cache/compiled.php(9374): call_user_func(Object(Closure), Object(Illuminate\Http\Request))
#25 /Users/tim/Downloads/rpi/laravel/bootstrap/cache/compiled.php(8741): Illuminate\Pipeline\Pipeline->then(Object(Closure))
#26 /Users/tim/Downloads/rpi/laravel/bootstrap/cache/compiled.php(8726): Illuminate\Routing\ControllerDispatcher->callWithinStack(Object(App\Http\Controllers\ApiKloekecode), Object(Illuminate\Routing\Route), Object(Illuminate\Http\Request), 'index')
#27 /Users/tim/Downloads/rpi/laravel/bootstrap/cache/compiled.php(7707): Illuminate\Routing\ControllerDispatcher->dispatch(Object(Illuminate\Routing\Route), Object(Illuminate\Http\Request), 'App\\Http\\Contro...', 'index')
#28 /Users/tim/Downloads/rpi/laravel/bootstrap/cache/compiled.php(7678): Illuminate\Routing\Route->runWithCustomDispatcher(Object(Illuminate\Http\Request))
#29 /Users/tim/Downloads/rpi/laravel/bootstrap/cache/compiled.php(7334): Illuminate\Routing\Route->run(Object(Illuminate\Http\Request))
#30 [internal function]: Illuminate\Routing\Router->Illuminate\Routing\{closure}(Object(Illuminate\Http\Request))
#31 /Users/tim/Downloads/rpi/laravel/bootstrap/cache/compiled.php(9392): call_user_func(Object(Closure), Object(Illuminate\Http\Request))
#32 [internal function]: Illuminate\Pipeline\Pipeline->Illuminate\Pipeline\{closure}(Object(Illuminate\Http\Request))
#33 /Users/tim/Downloads/rpi/laravel/bootstrap/cache/compiled.php(9374): call_user_func(Object(Closure), Object(Illuminate\Http\Request))
#34 /Users/tim/Downloads/rpi/laravel/bootstrap/cache/compiled.php(7335): Illuminate\Pipeline\Pipeline->then(Object(Closure))
#35 /Users/tim/Downloads/rpi/laravel/bootstrap/cache/compiled.php(7323): Illuminate\Routing\Router->runRouteWithinStack(Object(Illuminate\Routing\Route), Object(Illuminate\Http\Request))
#36 /Users/tim/Downloads/rpi/laravel/bootstrap/cache/compiled.php(7308): Illuminate\Routing\Router->dispatchToRoute(Object(Illuminate\Http\Request))
#37 /Users/tim/Downloads/rpi/laravel/bootstrap/cache/compiled.php(2050): Illuminate\Routing\Router->dispatch(Object(Illuminate\Http\Request))
#38 [internal function]: Illuminate\Foundation\Http\Kernel->Illuminate\Foundation\Http\{closure}(Object(Illuminate\Http\Request))
#39 /Users/tim/Downloads/rpi/laravel/bootstrap/cache/compiled.php(9392): call_user_func(Object(Closure), Object(Illuminate\Http\Request))
#40 /Users/tim/Downloads/rpi/laravel/bootstrap/cache/compiled.php(12614): Illuminate\Pipeline\Pipeline->Illuminate\Pipeline\{closure}(Object(Illuminate\Http\Request))
#41 [internal function]: Illuminate\View\Middleware\ShareErrorsFromSession->handle(Object(Illuminate\Http\Request), Object(Closure))
#42 /Users/tim/Downloads/rpi/laravel/bootstrap/cache/compiled.php(9384): call_user_func_array(Array, Array)
#43 /Users/tim/Downloads/rpi/laravel/bootstrap/cache/compiled.php(11279): Illuminate\Pipeline\Pipeline->Illuminate\Pipeline\{closure}(Object(Illuminate\Http\Request))
#44 [internal function]: Illuminate\Session\Middleware\StartSession->handle(Object(Illuminate\Http\Request), Object(Closure))
#45 /Users/tim/Downloads/rpi/laravel/bootstrap/cache/compiled.php(9384): call_user_func_array(Array, Array)
#46 /Users/tim/Downloads/rpi/laravel/bootstrap/cache/compiled.php(12351): Illuminate\Pipeline\Pipeline->Illuminate\Pipeline\{closure}(Object(Illuminate\Http\Request))
#47 [internal function]: Illuminate\Cookie\Middleware\AddQueuedCookiesToResponse->handle(Object(Illuminate\Http\Request), Object(Closure))
#48 /Users/tim/Downloads/rpi/laravel/bootstrap/cache/compiled.php(9384): call_user_func_array(Array, Array)
#49 /Users/tim/Downloads/rpi/laravel/bootstrap/cache/compiled.php(12290): Illuminate\Pipeline\Pipeline->Illuminate\Pipeline\{closure}(Object(Illuminate\Http\Request))
#50 [internal function]: Illuminate\Cookie\Middleware\EncryptCookies->handle(Object(Illuminate\Http\Request), Object(Closure))
#51 /Users/tim/Downloads/rpi/laravel/bootstrap/cache/compiled.php(9384): call_user_func_array(Array, Array)
#52 /Users/tim/Downloads/rpi/laravel/bootstrap/cache/compiled.php(2656): Illuminate\Pipeline\Pipeline->Illuminate\Pipeline\{closure}(Object(Illuminate\Http\Request))
#53 [internal function]: Illuminate\Foundation\Http\Middleware\CheckForMaintenanceMode->handle(Object(Illuminate\Http\Request), Object(Closure))
#54 /Users/tim/Downloads/rpi/laravel/bootstrap/cache/compiled.php(9384): call_user_func_array(Array, Array)
#55 [internal function]: Illuminate\Pipeline\Pipeline->Illuminate\Pipeline\{closure}(Object(Illuminate\Http\Request))
#56 /Users/tim/Downloads/rpi/laravel/bootstrap/cache/compiled.php(9374): call_user_func(Object(Closure), Object(Illuminate\Http\Request))
#57 /Users/tim/Downloads/rpi/laravel/bootstrap/cache/compiled.php(1997): Illuminate\Pipeline\Pipeline->then(Object(Closure))
#58 /Users/tim/Downloads/rpi/laravel/bootstrap/cache/compiled.php(1983): Illuminate\Foundation\Http\Kernel->sendRequestThroughRouter(Object(Illuminate\Http\Request))
#59 /Users/tim/Downloads/rpi/laravel/public/index.php(53): Illuminate\Foundation\Http\Kernel->handle(Object(Illuminate\Http\Request))
#60 /Users/tim/Downloads/rpi/laravel/server.php(21): require_once('/Users/tim/Down...')
#61 {main}  
[2015-06-12 17:31:57] local.ERROR: exception 'PDOException' with message 'SQLSTATE[42S02]: Base table or view not found: 1146 Table 'l854.kloekecode' doesn't exist' in /Users/tim/Downloads/rpi/laravel/vendor/laravel/framework/src/Illuminate/Database/Connection.php:307
Stack trace:
#0 /Users/tim/Downloads/rpi/laravel/vendor/laravel/framework/src/Illuminate/Database/Connection.php(307): PDO->prepare('select * from `...')
#1 /Users/tim/Downloads/rpi/laravel/vendor/laravel/framework/src/Illuminate/Database/Connection.php(622): Illuminate\Database\Connection->Illuminate\Database\{closure}(Object(Illuminate\Database\MySqlConnection), 'select * from `...', Array)
#2 /Users/tim/Downloads/rpi/laravel/vendor/laravel/framework/src/Illuminate/Database/Connection.php(589): Illuminate\Database\Connection->runQueryCallback('select * from `...', Array, Object(Closure))
#3 /Users/tim/Downloads/rpi/laravel/vendor/laravel/framework/src/Illuminate/Database/Connection.php(312): Illuminate\Database\Connection->run('select * from `...', Array, Object(Closure))
#4 /Users/tim/Downloads/rpi/laravel/vendor/laravel/framework/src/Illuminate/Database/Query/Builder.php(1377): Illuminate\Database\Connection->select('select * from `...', Array, true)
#5 /Users/tim/Downloads/rpi/laravel/vendor/laravel/framework/src/Illuminate/Database/Query/Builder.php(1367): Illuminate\Database\Query\Builder->runSelect()
#6 /Users/tim/Downloads/rpi/laravel/vendor/laravel/framework/src/Illuminate/Database/Query/Builder.php(1352): Illuminate\Database\Query\Builder->getFresh(Array)
#7 /Users/tim/Downloads/rpi/laravel/vendor/laravel/framework/src/Illuminate/Database/Eloquent/Builder.php(402): Illuminate\Database\Query\Builder->get(Array)
#8 /Users/tim/Downloads/rpi/laravel/vendor/laravel/framework/src/Illuminate/Database/Eloquent/Builder.php(166): Illuminate\Database\Eloquent\Builder->getModels(Array)
#9 /Users/tim/Downloads/rpi/laravel/app/Http/Controllers/ApiKloekecode.php(43): Illuminate\Database\Eloquent\Builder->get()
#10 [internal function]: App\Http\Controllers\ApiKloekecode->index()
#11 /Users/tim/Downloads/rpi/laravel/bootstrap/cache/compiled.php(8692): call_user_func_array(Array, Array)
#12 /Users/tim/Downloads/rpi/laravel/bootstrap/cache/compiled.php(8760): Illuminate\Routing\Controller->callAction('index', Array)
#13 /Users/tim/Downloads/rpi/laravel/bootstrap/cache/compiled.php(8740): Illuminate\Routing\ControllerDispatcher->call(Object(App\Http\Controllers\ApiKloekecode), Object(Illuminate\Routing\Route), 'index')
#14 [internal function]: Illuminate\Routing\ControllerDispatcher->Illuminate\Routing\{closure}(Object(Illuminate\Http\Request))
#15 /Users/tim/Downloads/rpi/laravel/bootstrap/cache/compiled.php(9392): call_user_func(Object(Closure), Object(Illuminate\Http\Request))
#16 [internal function]: Illuminate\Pipeline\Pipeline->Illuminate\Pipeline\{closure}(Object(Illuminate\Http\Request))
#17 /Users/tim/Downloads/rpi/laravel/bootstrap/cache/compiled.php(9374): call_user_func(Object(Closure), Object(Illuminate\Http\Request))
#18 /Users/tim/Downloads/rpi/laravel/bootstrap/cache/compiled.php(8741): Illuminate\Pipeline\Pipeline->then(Object(Closure))
#19 /Users/tim/Downloads/rpi/laravel/bootstrap/cache/compiled.php(8726): Illuminate\Routing\ControllerDispatcher->callWithinStack(Object(App\Http\Controllers\ApiKloekecode), Object(Illuminate\Routing\Route), Object(Illuminate\Http\Request), 'index')
#20 /Users/tim/Downloads/rpi/laravel/bootstrap/cache/compiled.php(7707): Illuminate\Routing\ControllerDispatcher->dispatch(Object(Illuminate\Routing\Route), Object(Illuminate\Http\Request), 'App\\Http\\Contro...', 'index')
#21 /Users/tim/Downloads/rpi/laravel/bootstrap/cache/compiled.php(7678): Illuminate\Routing\Route->runWithCustomDispatcher(Object(Illuminate\Http\Request))
#22 /Users/tim/Downloads/rpi/laravel/bootstrap/cache/compiled.php(7334): Illuminate\Routing\Route->run(Object(Illuminate\Http\Request))
#23 [internal function]: Illuminate\Routing\Router->Illuminate\Routing\{closure}(Object(Illuminate\Http\Request))
#24 /Users/tim/Downloads/rpi/laravel/bootstrap/cache/compiled.php(9392): call_user_func(Object(Closure), Object(Illuminate\Http\Request))
#25 [internal function]: Illuminate\Pipeline\Pipeline->Illuminate\Pipeline\{closure}(Object(Illuminate\Http\Request))
#26 /Users/tim/Downloads/rpi/laravel/bootstrap/cache/compiled.php(9374): call_user_func(Object(Closure), Object(Illuminate\Http\Request))
#27 /Users/tim/Downloads/rpi/laravel/bootstrap/cache/compiled.php(7335): Illuminate\Pipeline\Pipeline->then(Object(Closure))
#28 /Users/tim/Downloads/rpi/laravel/bootstrap/cache/compiled.php(7323): Illuminate\Routing\Router->runRouteWithinStack(Object(Illuminate\Routing\Route), Object(Illuminate\Http\Request))
#29 /Users/tim/Downloads/rpi/laravel/bootstrap/cache/compiled.php(7308): Illuminate\Routing\Router->dispatchToRoute(Object(Illuminate\Http\Request))
#30 /Users/tim/Downloads/rpi/laravel/bootstrap/cache/compiled.php(2050): Illuminate\Routing\Router->dispatch(Object(Illuminate\Http\Request))
#31 [internal function]: Illuminate\Foundation\Http\Kernel->Illuminate\Foundation\Http\{closure}(Object(Illuminate\Http\Request))
#32 /Users/tim/Downloads/rpi/laravel/bootstrap/cache/compiled.php(9392): call_user_func(Object(Closure), Object(Illuminate\Http\Request))
#33 /Users/tim/Downloads/rpi/laravel/bootstrap/cache/compiled.php(12614): Illuminate\Pipeline\Pipeline->Illuminate\Pipeline\{closure}(Object(Illuminate\Http\Request))
#34 [internal function]: Illuminate\View\Middleware\ShareErrorsFromSession->handle(Object(Illuminate\Http\Request), Object(Closure))
#35 /Users/tim/Downloads/rpi/laravel/bootstrap/cache/compiled.php(9384): call_user_func_array(Array, Array)
#36 /Users/tim/Downloads/rpi/laravel/bootstrap/cache/compiled.php(11279): Illuminate\Pipeline\Pipeline->Illuminate\Pipeline\{closure}(Object(Illuminate\Http\Request))
#37 [internal function]: Illuminate\Session\Middleware\StartSession->handle(Object(Illuminate\Http\Request), Object(Closure))
#38 /Users/tim/Downloads/rpi/laravel/bootstrap/cache/compiled.php(9384): call_user_func_array(Array, Array)
#39 /Users/tim/Downloads/rpi/laravel/bootstrap/cache/compiled.php(12351): Illuminate\Pipeline\Pipeline->Illuminate\Pipeline\{closure}(Object(Illuminate\Http\Request))
#40 [internal function]: Illuminate\Cookie\Middleware\AddQueuedCookiesToResponse->handle(Object(Illuminate\Http\Request), Object(Closure))
#41 /Users/tim/Downloads/rpi/laravel/bootstrap/cache/compiled.php(9384): call_user_func_array(Array, Array)
#42 /Users/tim/Downloads/rpi/laravel/bootstrap/cache/compiled.php(12290): Illuminate\Pipeline\Pipeline->Illuminate\Pipeline\{closure}(Object(Illuminate\Http\Request))
#43 [internal function]: Illuminate\Cookie\Middleware\EncryptCookies->handle(Object(Illuminate\Http\Request), Object(Closure))
#44 /Users/tim/Downloads/rpi/laravel/bootstrap/cache/compiled.php(9384): call_user_func_array(Array, Array)
#45 /Users/tim/Downloads/rpi/laravel/bootstrap/cache/compiled.php(2656): Illuminate\Pipeline\Pipeline->Illuminate\Pipeline\{closure}(Object(Illuminate\Http\Request))
#46 [internal function]: Illuminate\Foundation\Http\Middleware\CheckForMaintenanceMode->handle(Object(Illuminate\Http\Request), Object(Closure))
#47 /Users/tim/Downloads/rpi/laravel/bootstrap/cache/compiled.php(9384): call_user_func_array(Array, Array)
#48 [internal function]: Illuminate\Pipeline\Pipeline->Illuminate\Pipeline\{closure}(Object(Illuminate\Http\Request))
#49 /Users/tim/Downloads/rpi/laravel/bootstrap/cache/compiled.php(9374): call_user_func(Object(Closure), Object(Illuminate\Http\Request))
#50 /Users/tim/Downloads/rpi/laravel/bootstrap/cache/compiled.php(1997): Illuminate\Pipeline\Pipeline->then(Object(Closure))
#51 /Users/tim/Downloads/rpi/laravel/bootstrap/cache/compiled.php(1983): Illuminate\Foundation\Http\Kernel->sendRequestThroughRouter(Object(Illuminate\Http\Request))
#52 /Users/tim/Downloads/rpi/laravel/public/index.php(53): Illuminate\Foundation\Http\Kernel->handle(Object(Illuminate\Http\Request))
#53 /Users/tim/Downloads/rpi/laravel/server.php(21): require_once('/Users/tim/Down...')
#54 {main}

Next exception 'Illuminate\Database\QueryException' with message 'SQLSTATE[42S02]: Base table or view not found: 1146 Table 'l854.kloekecode' doesn't exist (SQL: select * from `Kloekecode` limit 5)' in /Users/tim/Downloads/rpi/laravel/vendor/laravel/framework/src/Illuminate/Database/Connection.php:629
Stack trace:
#0 /Users/tim/Downloads/rpi/laravel/vendor/laravel/framework/src/Illuminate/Database/Connection.php(589): Illuminate\Database\Connection->runQueryCallback('select * from `...', Array, Object(Closure))
#1 /Users/tim/Downloads/rpi/laravel/vendor/laravel/framework/src/Illuminate/Database/Connection.php(312): Illuminate\Database\Connection->run('select * from `...', Array, Object(Closure))
#2 /Users/tim/Downloads/rpi/laravel/vendor/laravel/framework/src/Illuminate/Database/Query/Builder.php(1377): Illuminate\Database\Connection->select('select * from `...', Array, true)
#3 /Users/tim/Downloads/rpi/laravel/vendor/laravel/framework/src/Illuminate/Database/Query/Builder.php(1367): Illuminate\Database\Query\Builder->runSelect()
#4 /Users/tim/Downloads/rpi/laravel/vendor/laravel/framework/src/Illuminate/Database/Query/Builder.php(1352): Illuminate\Database\Query\Builder->getFresh(Array)
#5 /Users/tim/Downloads/rpi/laravel/vendor/laravel/framework/src/Illuminate/Database/Eloquent/Builder.php(402): Illuminate\Database\Query\Builder->get(Array)
#6 /Users/tim/Downloads/rpi/laravel/vendor/laravel/framework/src/Illuminate/Database/Eloquent/Builder.php(166): Illuminate\Database\Eloquent\Builder->getModels(Array)
#7 /Users/tim/Downloads/rpi/laravel/app/Http/Controllers/ApiKloekecode.php(43): Illuminate\Database\Eloquent\Builder->get()
#8 [internal function]: App\Http\Controllers\ApiKloekecode->index()
#9 /Users/tim/Downloads/rpi/laravel/bootstrap/cache/compiled.php(8692): call_user_func_array(Array, Array)
#10 /Users/tim/Downloads/rpi/laravel/bootstrap/cache/compiled.php(8760): Illuminate\Routing\Controller->callAction('index', Array)
#11 /Users/tim/Downloads/rpi/laravel/bootstrap/cache/compiled.php(8740): Illuminate\Routing\ControllerDispatcher->call(Object(App\Http\Controllers\ApiKloekecode), Object(Illuminate\Routing\Route), 'index')
#12 [internal function]: Illuminate\Routing\ControllerDispatcher->Illuminate\Routing\{closure}(Object(Illuminate\Http\Request))
#13 /Users/tim/Downloads/rpi/laravel/bootstrap/cache/compiled.php(9392): call_user_func(Object(Closure), Object(Illuminate\Http\Request))
#14 [internal function]: Illuminate\Pipeline\Pipeline->Illuminate\Pipeline\{closure}(Object(Illuminate\Http\Request))
#15 /Users/tim/Downloads/rpi/laravel/bootstrap/cache/compiled.php(9374): call_user_func(Object(Closure), Object(Illuminate\Http\Request))
#16 /Users/tim/Downloads/rpi/laravel/bootstrap/cache/compiled.php(8741): Illuminate\Pipeline\Pipeline->then(Object(Closure))
#17 /Users/tim/Downloads/rpi/laravel/bootstrap/cache/compiled.php(8726): Illuminate\Routing\ControllerDispatcher->callWithinStack(Object(App\Http\Controllers\ApiKloekecode), Object(Illuminate\Routing\Route), Object(Illuminate\Http\Request), 'index')
#18 /Users/tim/Downloads/rpi/laravel/bootstrap/cache/compiled.php(7707): Illuminate\Routing\ControllerDispatcher->dispatch(Object(Illuminate\Routing\Route), Object(Illuminate\Http\Request), 'App\\Http\\Contro...', 'index')
#19 /Users/tim/Downloads/rpi/laravel/bootstrap/cache/compiled.php(7678): Illuminate\Routing\Route->runWithCustomDispatcher(Object(Illuminate\Http\Request))
#20 /Users/tim/Downloads/rpi/laravel/bootstrap/cache/compiled.php(7334): Illuminate\Routing\Route->run(Object(Illuminate\Http\Request))
#21 [internal function]: Illuminate\Routing\Router->Illuminate\Routing\{closure}(Object(Illuminate\Http\Request))
#22 /Users/tim/Downloads/rpi/laravel/bootstrap/cache/compiled.php(9392): call_user_func(Object(Closure), Object(Illuminate\Http\Request))
#23 [internal function]: Illuminate\Pipeline\Pipeline->Illuminate\Pipeline\{closure}(Object(Illuminate\Http\Request))
#24 /Users/tim/Downloads/rpi/laravel/bootstrap/cache/compiled.php(9374): call_user_func(Object(Closure), Object(Illuminate\Http\Request))
#25 /Users/tim/Downloads/rpi/laravel/bootstrap/cache/compiled.php(7335): Illuminate\Pipeline\Pipeline->then(Object(Closure))
#26 /Users/tim/Downloads/rpi/laravel/bootstrap/cache/compiled.php(7323): Illuminate\Routing\Router->runRouteWithinStack(Object(Illuminate\Routing\Route), Object(Illuminate\Http\Request))
#27 /Users/tim/Downloads/rpi/laravel/bootstrap/cache/compiled.php(7308): Illuminate\Routing\Router->dispatchToRoute(Object(Illuminate\Http\Request))
#28 /Users/tim/Downloads/rpi/laravel/bootstrap/cache/compiled.php(2050): Illuminate\Routing\Router->dispatch(Object(Illuminate\Http\Request))
#29 [internal function]: Illuminate\Foundation\Http\Kernel->Illuminate\Foundation\Http\{closure}(Object(Illuminate\Http\Request))
#30 /Users/tim/Downloads/rpi/laravel/bootstrap/cache/compiled.php(9392): call_user_func(Object(Closure), Object(Illuminate\Http\Request))
#31 /Users/tim/Downloads/rpi/laravel/bootstrap/cache/compiled.php(12614): Illuminate\Pipeline\Pipeline->Illuminate\Pipeline\{closure}(Object(Illuminate\Http\Request))
#32 [internal function]: Illuminate\View\Middleware\ShareErrorsFromSession->handle(Object(Illuminate\Http\Request), Object(Closure))
#33 /Users/tim/Downloads/rpi/laravel/bootstrap/cache/compiled.php(9384): call_user_func_array(Array, Array)
#34 /Users/tim/Downloads/rpi/laravel/bootstrap/cache/compiled.php(11279): Illuminate\Pipeline\Pipeline->Illuminate\Pipeline\{closure}(Object(Illuminate\Http\Request))
#35 [internal function]: Illuminate\Session\Middleware\StartSession->handle(Object(Illuminate\Http\Request), Object(Closure))
#36 /Users/tim/Downloads/rpi/laravel/bootstrap/cache/compiled.php(9384): call_user_func_array(Array, Array)
#37 /Users/tim/Downloads/rpi/laravel/bootstrap/cache/compiled.php(12351): Illuminate\Pipeline\Pipeline->Illuminate\Pipeline\{closure}(Object(Illuminate\Http\Request))
#38 [internal function]: Illuminate\Cookie\Middleware\AddQueuedCookiesToResponse->handle(Object(Illuminate\Http\Request), Object(Closure))
#39 /Users/tim/Downloads/rpi/laravel/bootstrap/cache/compiled.php(9384): call_user_func_array(Array, Array)
#40 /Users/tim/Downloads/rpi/laravel/bootstrap/cache/compiled.php(12290): Illuminate\Pipeline\Pipeline->Illuminate\Pipeline\{closure}(Object(Illuminate\Http\Request))
#41 [internal function]: Illuminate\Cookie\Middleware\EncryptCookies->handle(Object(Illuminate\Http\Request), Object(Closure))
#42 /Users/tim/Downloads/rpi/laravel/bootstrap/cache/compiled.php(9384): call_user_func_array(Array, Array)
#43 /Users/tim/Downloads/rpi/laravel/bootstrap/cache/compiled.php(2656): Illuminate\Pipeline\Pipeline->Illuminate\Pipeline\{closure}(Object(Illuminate\Http\Request))
#44 [internal function]: Illuminate\Foundation\Http\Middleware\CheckForMaintenanceMode->handle(Object(Illuminate\Http\Request), Object(Closure))
#45 /Users/tim/Downloads/rpi/laravel/bootstrap/cache/compiled.php(9384): call_user_func_array(Array, Array)
#46 [internal function]: Illuminate\Pipeline\Pipeline->Illuminate\Pipeline\{closure}(Object(Illuminate\Http\Request))
#47 /Users/tim/Downloads/rpi/laravel/bootstrap/cache/compiled.php(9374): call_user_func(Object(Closure), Object(Illuminate\Http\Request))
#48 /Users/tim/Downloads/rpi/laravel/bootstrap/cache/compiled.php(1997): Illuminate\Pipeline\Pipeline->then(Object(Closure))
#49 /Users/tim/Downloads/rpi/laravel/bootstrap/cache/compiled.php(1983): Illuminate\Foundation\Http\Kernel->sendRequestThroughRouter(Object(Illuminate\Http\Request))
#50 /Users/tim/Downloads/rpi/laravel/public/index.php(53): Illuminate\Foundation\Http\Kernel->handle(Object(Illuminate\Http\Request))
#51 /Users/tim/Downloads/rpi/laravel/server.php(21): require_once('/Users/tim/Down...')
#52 {main}  
[2015-06-12 17:32:18] local.ERROR: exception 'ErrorException' with message 'Trying to get property of non-object' in /Users/tim/Downloads/rpi/laravel/app/Http/Controllers/ApiKloekecode.php:47
Stack trace:
#0 /Users/tim/Downloads/rpi/laravel/app/Http/Controllers/ApiKloekecode.php(47): Illuminate\Foundation\Bootstrap\HandleExceptions->handleError(8, 'Trying to get p...', '/Users/tim/Down...', 47, Array)
#1 [internal function]: App\Http\Controllers\ApiKloekecode->index()
#2 /Users/tim/Downloads/rpi/laravel/bootstrap/cache/compiled.php(8692): call_user_func_array(Array, Array)
#3 /Users/tim/Downloads/rpi/laravel/bootstrap/cache/compiled.php(8760): Illuminate\Routing\Controller->callAction('index', Array)
#4 /Users/tim/Downloads/rpi/laravel/bootstrap/cache/compiled.php(8740): Illuminate\Routing\ControllerDispatcher->call(Object(App\Http\Controllers\ApiKloekecode), Object(Illuminate\Routing\Route), 'index')
#5 [internal function]: Illuminate\Routing\ControllerDispatcher->Illuminate\Routing\{closure}(Object(Illuminate\Http\Request))
#6 /Users/tim/Downloads/rpi/laravel/bootstrap/cache/compiled.php(9392): call_user_func(Object(Closure), Object(Illuminate\Http\Request))
#7 [internal function]: Illuminate\Pipeline\Pipeline->Illuminate\Pipeline\{closure}(Object(Illuminate\Http\Request))
#8 /Users/tim/Downloads/rpi/laravel/bootstrap/cache/compiled.php(9374): call_user_func(Object(Closure), Object(Illuminate\Http\Request))
#9 /Users/tim/Downloads/rpi/laravel/bootstrap/cache/compiled.php(8741): Illuminate\Pipeline\Pipeline->then(Object(Closure))
#10 /Users/tim/Downloads/rpi/laravel/bootstrap/cache/compiled.php(8726): Illuminate\Routing\ControllerDispatcher->callWithinStack(Object(App\Http\Controllers\ApiKloekecode), Object(Illuminate\Routing\Route), Object(Illuminate\Http\Request), 'index')
#11 /Users/tim/Downloads/rpi/laravel/bootstrap/cache/compiled.php(7707): Illuminate\Routing\ControllerDispatcher->dispatch(Object(Illuminate\Routing\Route), Object(Illuminate\Http\Request), 'App\\Http\\Contro...', 'index')
#12 /Users/tim/Downloads/rpi/laravel/bootstrap/cache/compiled.php(7678): Illuminate\Routing\Route->runWithCustomDispatcher(Object(Illuminate\Http\Request))
#13 /Users/tim/Downloads/rpi/laravel/bootstrap/cache/compiled.php(7334): Illuminate\Routing\Route->run(Object(Illuminate\Http\Request))
#14 [internal function]: Illuminate\Routing\Router->Illuminate\Routing\{closure}(Object(Illuminate\Http\Request))
#15 /Users/tim/Downloads/rpi/laravel/bootstrap/cache/compiled.php(9392): call_user_func(Object(Closure), Object(Illuminate\Http\Request))
#16 [internal function]: Illuminate\Pipeline\Pipeline->Illuminate\Pipeline\{closure}(Object(Illuminate\Http\Request))
#17 /Users/tim/Downloads/rpi/laravel/bootstrap/cache/compiled.php(9374): call_user_func(Object(Closure), Object(Illuminate\Http\Request))
#18 /Users/tim/Downloads/rpi/laravel/bootstrap/cache/compiled.php(7335): Illuminate\Pipeline\Pipeline->then(Object(Closure))
#19 /Users/tim/Downloads/rpi/laravel/bootstrap/cache/compiled.php(7323): Illuminate\Routing\Router->runRouteWithinStack(Object(Illuminate\Routing\Route), Object(Illuminate\Http\Request))
#20 /Users/tim/Downloads/rpi/laravel/bootstrap/cache/compiled.php(7308): Illuminate\Routing\Router->dispatchToRoute(Object(Illuminate\Http\Request))
#21 /Users/tim/Downloads/rpi/laravel/bootstrap/cache/compiled.php(2050): Illuminate\Routing\Router->dispatch(Object(Illuminate\Http\Request))
#22 [internal function]: Illuminate\Foundation\Http\Kernel->Illuminate\Foundation\Http\{closure}(Object(Illuminate\Http\Request))
#23 /Users/tim/Downloads/rpi/laravel/bootstrap/cache/compiled.php(9392): call_user_func(Object(Closure), Object(Illuminate\Http\Request))
#24 /Users/tim/Downloads/rpi/laravel/bootstrap/cache/compiled.php(12614): Illuminate\Pipeline\Pipeline->Illuminate\Pipeline\{closure}(Object(Illuminate\Http\Request))
#25 [internal function]: Illuminate\View\Middleware\ShareErrorsFromSession->handle(Object(Illuminate\Http\Request), Object(Closure))
#26 /Users/tim/Downloads/rpi/laravel/bootstrap/cache/compiled.php(9384): call_user_func_array(Array, Array)
#27 /Users/tim/Downloads/rpi/laravel/bootstrap/cache/compiled.php(11279): Illuminate\Pipeline\Pipeline->Illuminate\Pipeline\{closure}(Object(Illuminate\Http\Request))
#28 [internal function]: Illuminate\Session\Middleware\StartSession->handle(Object(Illuminate\Http\Request), Object(Closure))
#29 /Users/tim/Downloads/rpi/laravel/bootstrap/cache/compiled.php(9384): call_user_func_array(Array, Array)
#30 /Users/tim/Downloads/rpi/laravel/bootstrap/cache/compiled.php(12351): Illuminate\Pipeline\Pipeline->Illuminate\Pipeline\{closure}(Object(Illuminate\Http\Request))
#31 [internal function]: Illuminate\Cookie\Middleware\AddQueuedCookiesToResponse->handle(Object(Illuminate\Http\Request), Object(Closure))
#32 /Users/tim/Downloads/rpi/laravel/bootstrap/cache/compiled.php(9384): call_user_func_array(Array, Array)
#33 /Users/tim/Downloads/rpi/laravel/bootstrap/cache/compiled.php(12290): Illuminate\Pipeline\Pipeline->Illuminate\Pipeline\{closure}(Object(Illuminate\Http\Request))
#34 [internal function]: Illuminate\Cookie\Middleware\EncryptCookies->handle(Object(Illuminate\Http\Request), Object(Closure))
#35 /Users/tim/Downloads/rpi/laravel/bootstrap/cache/compiled.php(9384): call_user_func_array(Array, Array)
#36 /Users/tim/Downloads/rpi/laravel/bootstrap/cache/compiled.php(2656): Illuminate\Pipeline\Pipeline->Illuminate\Pipeline\{closure}(Object(Illuminate\Http\Request))
#37 [internal function]: Illuminate\Foundation\Http\Middleware\CheckForMaintenanceMode->handle(Object(Illuminate\Http\Request), Object(Closure))
#38 /Users/tim/Downloads/rpi/laravel/bootstrap/cache/compiled.php(9384): call_user_func_array(Array, Array)
#39 [internal function]: Illuminate\Pipeline\Pipeline->Illuminate\Pipeline\{closure}(Object(Illuminate\Http\Request))
#40 /Users/tim/Downloads/rpi/laravel/bootstrap/cache/compiled.php(9374): call_user_func(Object(Closure), Object(Illuminate\Http\Request))
#41 /Users/tim/Downloads/rpi/laravel/bootstrap/cache/compiled.php(1997): Illuminate\Pipeline\Pipeline->then(Object(Closure))
#42 /Users/tim/Downloads/rpi/laravel/bootstrap/cache/compiled.php(1983): Illuminate\Foundation\Http\Kernel->sendRequestThroughRouter(Object(Illuminate\Http\Request))
#43 /Users/tim/Downloads/rpi/laravel/public/index.php(53): Illuminate\Foundation\Http\Kernel->handle(Object(Illuminate\Http\Request))
#44 /Users/tim/Downloads/rpi/laravel/server.php(21): require_once('/Users/tim/Down...')
#45 {main}  
[2015-06-12 17:37:20] local.ERROR: exception 'ReflectionException' with message 'Class KloekecodeSeeder does not exist' in /Users/tim/Downloads/rpi/laravel/bootstrap/cache/compiled.php:1059
Stack trace:
#0 /Users/tim/Downloads/rpi/laravel/bootstrap/cache/compiled.php(1059): ReflectionClass->__construct('KloekecodeSeede...')
#1 /Users/tim/Downloads/rpi/laravel/bootstrap/cache/compiled.php(1010): Illuminate\Container\Container->build('KloekecodeSeede...', Array)
#2 /Users/tim/Downloads/rpi/laravel/bootstrap/cache/compiled.php(1536): Illuminate\Container\Container->make('KloekecodeSeede...', Array)
#3 /Users/tim/Downloads/rpi/laravel/vendor/laravel/framework/src/Illuminate/Database/Seeder.php(58): Illuminate\Foundation\Application->make('KloekecodeSeede...')
#4 /Users/tim/Downloads/rpi/laravel/vendor/laravel/framework/src/Illuminate/Database/Seeder.php(42): Illuminate\Database\Seeder->resolve('KloekecodeSeede...')
#5 /Users/tim/Downloads/rpi/laravel/database/seeds/DatabaseSeeder.php(18): Illuminate\Database\Seeder->call('KloekecodeSeede...')
#6 /Users/tim/Downloads/rpi/laravel/vendor/laravel/framework/src/Illuminate/Database/Console/Seeds/SeedCommand.php(61): DatabaseSeeder->run()
#7 [internal function]: Illuminate\Database\Console\Seeds\SeedCommand->fire()
#8 /Users/tim/Downloads/rpi/laravel/bootstrap/cache/compiled.php(955): call_user_func_array(Array, Array)
#9 /Users/tim/Downloads/rpi/laravel/vendor/laravel/framework/src/Illuminate/Console/Command.php(150): Illuminate\Container\Container->call(Array)
#10 /Users/tim/Downloads/rpi/laravel/vendor/symfony/console/Command/Command.php(259): Illuminate\Console\Command->execute(Object(Symfony\Component\Console\Input\ArgvInput), Object(Symfony\Component\Console\Output\ConsoleOutput))
#11 /Users/tim/Downloads/rpi/laravel/vendor/laravel/framework/src/Illuminate/Console/Command.php(136): Symfony\Component\Console\Command\Command->run(Object(Symfony\Component\Console\Input\ArgvInput), Object(Symfony\Component\Console\Output\ConsoleOutput))
#12 /Users/tim/Downloads/rpi/laravel/vendor/symfony/console/Application.php(878): Illuminate\Console\Command->run(Object(Symfony\Component\Console\Input\ArgvInput), Object(Symfony\Component\Console\Output\ConsoleOutput))
#13 /Users/tim/Downloads/rpi/laravel/vendor/symfony/console/Application.php(195): Symfony\Component\Console\Application->doRunCommand(Object(Illuminate\Database\Console\Seeds\SeedCommand), Object(Symfony\Component\Console\Input\ArgvInput), Object(Symfony\Component\Console\Output\ConsoleOutput))
#14 /Users/tim/Downloads/rpi/laravel/vendor/symfony/console/Application.php(126): Symfony\Component\Console\Application->doRun(Object(Symfony\Component\Console\Input\ArgvInput), Object(Symfony\Component\Console\Output\ConsoleOutput))
#15 /Users/tim/Downloads/rpi/laravel/vendor/laravel/framework/src/Illuminate/Foundation/Console/Kernel.php(94): Symfony\Component\Console\Application->run(Object(Symfony\Component\Console\Input\ArgvInput), Object(Symfony\Component\Console\Output\ConsoleOutput))
#16 /Users/tim/Downloads/rpi/laravel/artisan(36): Illuminate\Foundation\Console\Kernel->handle(Object(Symfony\Component\Console\Input\ArgvInput), Object(Symfony\Component\Console\Output\ConsoleOutput))
#17 {main}  
[2015-06-12 17:37:38] local.ERROR: exception 'PDOException' with message 'SQLSTATE[42S22]: Column not found: 1054 Unknown column 'updated_at' in 'field list'' in /Users/tim/Downloads/rpi/laravel/vendor/laravel/framework/src/Illuminate/Database/Connection.php:378
Stack trace:
#0 /Users/tim/Downloads/rpi/laravel/vendor/laravel/framework/src/Illuminate/Database/Connection.php(378): PDO->prepare('insert into `Kl...')
#1 /Users/tim/Downloads/rpi/laravel/vendor/laravel/framework/src/Illuminate/Database/Connection.php(622): Illuminate\Database\Connection->Illuminate\Database\{closure}(Object(Illuminate\Database\MySqlConnection), 'insert into `Kl...', Array)
#2 /Users/tim/Downloads/rpi/laravel/vendor/laravel/framework/src/Illuminate/Database/Connection.php(589): Illuminate\Database\Connection->runQueryCallback('insert into `Kl...', Array, Object(Closure))
#3 /Users/tim/Downloads/rpi/laravel/vendor/laravel/framework/src/Illuminate/Database/Connection.php(379): Illuminate\Database\Connection->run('insert into `Kl...', Array, Object(Closure))
#4 /Users/tim/Downloads/rpi/laravel/vendor/laravel/framework/src/Illuminate/Database/Connection.php(335): Illuminate\Database\Connection->statement('insert into `Kl...', Array)
#5 /Users/tim/Downloads/rpi/laravel/vendor/laravel/framework/src/Illuminate/Database/Query/Processors/Processor.php(32): Illuminate\Database\Connection->insert('insert into `Kl...', Array)
#6 /Users/tim/Downloads/rpi/laravel/vendor/laravel/framework/src/Illuminate/Database/Query/Builder.php(1724): Illuminate\Database\Query\Processors\Processor->processInsertGetId(Object(Illuminate\Database\Query\Builder), 'insert into `Kl...', Array, 'id')
#7 [internal function]: Illuminate\Database\Query\Builder->insertGetId(Array, 'id')
#8 /Users/tim/Downloads/rpi/laravel/vendor/laravel/framework/src/Illuminate/Database/Eloquent/Builder.php(936): call_user_func_array(Array, Array)
#9 /Users/tim/Downloads/rpi/laravel/bootstrap/cache/compiled.php(10258): Illuminate\Database\Eloquent\Builder->__call('insertGetId', Array)
#10 /Users/tim/Downloads/rpi/laravel/bootstrap/cache/compiled.php(10258): Illuminate\Database\Eloquent\Builder->insertGetId(Array, 'id')
#11 /Users/tim/Downloads/rpi/laravel/bootstrap/cache/compiled.php(10248): Illuminate\Database\Eloquent\Model->insertAndSetId(Object(Illuminate\Database\Eloquent\Builder), Array)
#12 /Users/tim/Downloads/rpi/laravel/bootstrap/cache/compiled.php(10205): Illuminate\Database\Eloquent\Model->performInsert(Object(Illuminate\Database\Eloquent\Builder), Array)
#13 /Users/tim/Downloads/rpi/laravel/database/seeds/KloekecodeSeeder.php(20): Illuminate\Database\Eloquent\Model->save()
#14 /Users/tim/Downloads/rpi/laravel/vendor/laravel/framework/src/Illuminate/Database/Seeder.php(42): KloekecodeSeeder->run()
#15 /Users/tim/Downloads/rpi/laravel/database/seeds/DatabaseSeeder.php(18): Illuminate\Database\Seeder->call('KloekecodeSeede...')
#16 /Users/tim/Downloads/rpi/laravel/vendor/laravel/framework/src/Illuminate/Database/Console/Seeds/SeedCommand.php(61): DatabaseSeeder->run()
#17 [internal function]: Illuminate\Database\Console\Seeds\SeedCommand->fire()
#18 /Users/tim/Downloads/rpi/laravel/bootstrap/cache/compiled.php(955): call_user_func_array(Array, Array)
#19 /Users/tim/Downloads/rpi/laravel/vendor/laravel/framework/src/Illuminate/Console/Command.php(150): Illuminate\Container\Container->call(Array)
#20 /Users/tim/Downloads/rpi/laravel/vendor/symfony/console/Command/Command.php(259): Illuminate\Console\Command->execute(Object(Symfony\Component\Console\Input\ArgvInput), Object(Symfony\Component\Console\Output\ConsoleOutput))
#21 /Users/tim/Downloads/rpi/laravel/vendor/laravel/framework/src/Illuminate/Console/Command.php(136): Symfony\Component\Console\Command\Command->run(Object(Symfony\Component\Console\Input\ArgvInput), Object(Symfony\Component\Console\Output\ConsoleOutput))
#22 /Users/tim/Downloads/rpi/laravel/vendor/symfony/console/Application.php(878): Illuminate\Console\Command->run(Object(Symfony\Component\Console\Input\ArgvInput), Object(Symfony\Component\Console\Output\ConsoleOutput))
#23 /Users/tim/Downloads/rpi/laravel/vendor/symfony/console/Application.php(195): Symfony\Component\Console\Application->doRunCommand(Object(Illuminate\Database\Console\Seeds\SeedCommand), Object(Symfony\Component\Console\Input\ArgvInput), Object(Symfony\Component\Console\Output\ConsoleOutput))
#24 /Users/tim/Downloads/rpi/laravel/vendor/symfony/console/Application.php(126): Symfony\Component\Console\Application->doRun(Object(Symfony\Component\Console\Input\ArgvInput), Object(Symfony\Component\Console\Output\ConsoleOutput))
#25 /Users/tim/Downloads/rpi/laravel/vendor/laravel/framework/src/Illuminate/Foundation/Console/Kernel.php(94): Symfony\Component\Console\Application->run(Object(Symfony\Component\Console\Input\ArgvInput), Object(Symfony\Component\Console\Output\ConsoleOutput))
#26 /Users/tim/Downloads/rpi/laravel/artisan(36): Illuminate\Foundation\Console\Kernel->handle(Object(Symfony\Component\Console\Input\ArgvInput), Object(Symfony\Component\Console\Output\ConsoleOutput))
#27 {main}

Next exception 'Illuminate\Database\QueryException' with message 'SQLSTATE[42S22]: Column not found: 1054 Unknown column 'updated_at' in 'field list' (SQL: insert into `Kloekecode` (`Kloekecode`, `updated_at`, `created_at`) values (Meh, 2015-06-12 17:37:38, 2015-06-12 17:37:38))' in /Users/tim/Downloads/rpi/laravel/vendor/laravel/framework/src/Illuminate/Database/Connection.php:629
Stack trace:
#0 /Users/tim/Downloads/rpi/laravel/vendor/laravel/framework/src/Illuminate/Database/Connection.php(589): Illuminate\Database\Connection->runQueryCallback('insert into `Kl...', Array, Object(Closure))
#1 /Users/tim/Downloads/rpi/laravel/vendor/laravel/framework/src/Illuminate/Database/Connection.php(379): Illuminate\Database\Connection->run('insert into `Kl...', Array, Object(Closure))
#2 /Users/tim/Downloads/rpi/laravel/vendor/laravel/framework/src/Illuminate/Database/Connection.php(335): Illuminate\Database\Connection->statement('insert into `Kl...', Array)
#3 /Users/tim/Downloads/rpi/laravel/vendor/laravel/framework/src/Illuminate/Database/Query/Processors/Processor.php(32): Illuminate\Database\Connection->insert('insert into `Kl...', Array)
#4 /Users/tim/Downloads/rpi/laravel/vendor/laravel/framework/src/Illuminate/Database/Query/Builder.php(1724): Illuminate\Database\Query\Processors\Processor->processInsertGetId(Object(Illuminate\Database\Query\Builder), 'insert into `Kl...', Array, 'id')
#5 [internal function]: Illuminate\Database\Query\Builder->insertGetId(Array, 'id')
#6 /Users/tim/Downloads/rpi/laravel/vendor/laravel/framework/src/Illuminate/Database/Eloquent/Builder.php(936): call_user_func_array(Array, Array)
#7 /Users/tim/Downloads/rpi/laravel/bootstrap/cache/compiled.php(10258): Illuminate\Database\Eloquent\Builder->__call('insertGetId', Array)
#8 /Users/tim/Downloads/rpi/laravel/bootstrap/cache/compiled.php(10258): Illuminate\Database\Eloquent\Builder->insertGetId(Array, 'id')
#9 /Users/tim/Downloads/rpi/laravel/bootstrap/cache/compiled.php(10248): Illuminate\Database\Eloquent\Model->insertAndSetId(Object(Illuminate\Database\Eloquent\Builder), Array)
#10 /Users/tim/Downloads/rpi/laravel/bootstrap/cache/compiled.php(10205): Illuminate\Database\Eloquent\Model->performInsert(Object(Illuminate\Database\Eloquent\Builder), Array)
#11 /Users/tim/Downloads/rpi/laravel/database/seeds/KloekecodeSeeder.php(20): Illuminate\Database\Eloquent\Model->save()
#12 /Users/tim/Downloads/rpi/laravel/vendor/laravel/framework/src/Illuminate/Database/Seeder.php(42): KloekecodeSeeder->run()
#13 /Users/tim/Downloads/rpi/laravel/database/seeds/DatabaseSeeder.php(18): Illuminate\Database\Seeder->call('KloekecodeSeede...')
#14 /Users/tim/Downloads/rpi/laravel/vendor/laravel/framework/src/Illuminate/Database/Console/Seeds/SeedCommand.php(61): DatabaseSeeder->run()
#15 [internal function]: Illuminate\Database\Console\Seeds\SeedCommand->fire()
#16 /Users/tim/Downloads/rpi/laravel/bootstrap/cache/compiled.php(955): call_user_func_array(Array, Array)
#17 /Users/tim/Downloads/rpi/laravel/vendor/laravel/framework/src/Illuminate/Console/Command.php(150): Illuminate\Container\Container->call(Array)
#18 /Users/tim/Downloads/rpi/laravel/vendor/symfony/console/Command/Command.php(259): Illuminate\Console\Command->execute(Object(Symfony\Component\Console\Input\ArgvInput), Object(Symfony\Component\Console\Output\ConsoleOutput))
#19 /Users/tim/Downloads/rpi/laravel/vendor/laravel/framework/src/Illuminate/Console/Command.php(136): Symfony\Component\Console\Command\Command->run(Object(Symfony\Component\Console\Input\ArgvInput), Object(Symfony\Component\Console\Output\ConsoleOutput))
#20 /Users/tim/Downloads/rpi/laravel/vendor/symfony/console/Application.php(878): Illuminate\Console\Command->run(Object(Symfony\Component\Console\Input\ArgvInput), Object(Symfony\Component\Console\Output\ConsoleOutput))
#21 /Users/tim/Downloads/rpi/laravel/vendor/symfony/console/Application.php(195): Symfony\Component\Console\Application->doRunCommand(Object(Illuminate\Database\Console\Seeds\SeedCommand), Object(Symfony\Component\Console\Input\ArgvInput), Object(Symfony\Component\Console\Output\ConsoleOutput))
#22 /Users/tim/Downloads/rpi/laravel/vendor/symfony/console/Application.php(126): Symfony\Component\Console\Application->doRun(Object(Symfony\Component\Console\Input\ArgvInput), Object(Symfony\Component\Console\Output\ConsoleOutput))
#23 /Users/tim/Downloads/rpi/laravel/vendor/laravel/framework/src/Illuminate/Foundation/Console/Kernel.php(94): Symfony\Component\Console\Application->run(Object(Symfony\Component\Console\Input\ArgvInput), Object(Symfony\Component\Console\Output\ConsoleOutput))
#24 /Users/tim/Downloads/rpi/laravel/artisan(36): Illuminate\Foundation\Console\Kernel->handle(Object(Symfony\Component\Console\Input\ArgvInput), Object(Symfony\Component\Console\Output\ConsoleOutput))
#25 {main}  
[2015-06-12 17:37:54] local.ERROR: exception 'Symfony\Component\Debug\Exception\FatalErrorException' with message 'Call to undefined method Illuminate\Support\Facades\Cache::down()' in /Users/tim/Downloads/rpi/laravel/vendor/laravel/framework/src/Illuminate/Database/Migrations/Migrator.php:220
Stack trace:
#0 {main}  
